HD: 1,0,0,0, V:1 H:0 C:0 
bSW:0x00000000
nTG:1 #main
OFF:0xfffffdff
bSW:0x00000084.[ENTER]

ComPI: 0, 1, 0, 0,  V:1 H:1 B:0 
bSW:0x00000084.

lv fn[iP:mm]nD				// iD/alD
mom:0false
00 21[00:00]00b class			//0/0 - 
01 29[29:00]00b U1x4			//0/0 - 
mom:29U1x4
02 02[00:29]00b 	U1			//0/0 - 
02 30[30:29]01b 	x			//1/1 - stuff
02 31[31:29]01b 	y			//2/2 - stuff
02 32[32:29]01b 	z			//3/3 - stuff
02 33[33:29]01b 	w			//4/4 - stuff
02 34[34:29]00b 	U1x4(		//4/4 - c{constr()}
mom:34U1x4(
03 02[00:34]00b 		U1		//4/4 - 
03 35[35:34]01b 		X		//5/5 - f(para)
03 36[36:34]01b 		Y		//6/6 - f(para)
03 37[37:34]01b 		Z		//7/7 - f(para)
03 38[38:34]01b 		W		//8/8 - f(para)
35:U1:X,36:U1:Y,37:U1:Z,38:U1:W,
04 30[00:38]00b 			x	//8/8 - 
04 35[00:38]00b 			X	//8/8 - 
04 31[00:38]00b 			y	//8/8 - 
04 36[00:38]00b 			Y	//8/8 - 
04 32[00:38]00b 			z	//8/8 - 
04 37[00:38]00b 			Z	//8/8 - 
04 33[00:38]00b 			w	//8/8 - 
04 38[00:38]00b 			W	//8/8 - )
30:U1:x,31:U1:y,32:U1:z,33:U1:w,34:false:U1x4(,
01 29[00:00]00b U1x4			//0/8 - 
01 39[39:34]00b xyzw(			//0/8 - 
		0
		1
		2
		3
mom:39xyzw(
02 02[00:39]00b 	U1			//0/8 - 
02 40[40:39]01b 	a			//1/8 - f(para)
		10
02 41[41:39]01b 	b			//2/8 - f(para)
		0
02 42[42:39]01b 	a1D[		//3/8 - f(para)
			10)
01 43[43:39]00b for(			//0/8 - 
mom:43for(
02 04[00:43]00b 	U4			//0/8 - 
02 44[44:43]04b 	i			//4/8 - f(para)
		0
02 44[00:43]00b 	i			//4/8 - 
		10
02 44[00:43]00b 	i			//4/8 - 
44:U4:i,
03 40[00:44]00b 		a		//4/8 - 
03 41[00:44]00b 		b		//4/8 - 
			10
03 44[00:44]00b 		i		//4/8 - 
03 42[00:44]00b 		a1D[	//4/8 - 
04 44[00:42]00b 			i	//4/8 - 
04 45[45:43]00b 			sizeof(//4/8 - 
mom:45sizeof(
05 46[46:45]00b 				a1D//4/8 - 
46:false:a1D,
46:false:a1D,
mom:46a1D
04 40[00:42]00b 			a	//4/8 - 
alDAT:8BLD/VER:01
