-----------------
HD:[b0] spc:1,0,0,0, V:1 H:0 C:0 
bSW:0x00000000
nTG:1 #main
OFF:0xfffffdff
bSW:0x00000084.[ENTER]
ComPI:[a1] spc:0, 1, 0, 0,  V:1 H:1 B:0 
bSW:0x00000084.

nP:MM.iK[fd]dt	str	typ.sz
-----------------------
80:00.78[79] 	main	main.-	0/0L3

80:00.73[74]	class	class	0/0L3
						| opF class mom: main -> NULL
						| opF class Mom: main -> NULL
						*---------- ----  ---   --    -
81:79.00[80] 	U1x4	def.-	0/0L3
						| NEW U1x4 def: U1x4 -> NULL
						*---------- ----  ---   --    -
81:00.47[48]	{	begin	0/0L3
						| opF { Mom: U1x4 -> main
						*---------- ----  ---   --    -
81:00.54[55]0x0	U1	def.b	0/0L3
						| FND U1 def: U1 -> U1x4
						*---------- ----  ---   --    -
82:80.00[81]0x0	x	def.b	1/1L3
						| NEW U1x4.x
						*---------- ----  ---   --    -
82:00.03[04]	,	stk	1/1L3
83:80.01[82]0x1	y	def.b	2/2L3
						| NEW U1x4.y
						*---------- ----  ---   --    -
83:00.03[04]	,	stk	2/2L3
84:80.02[83]0x2	z	def.b	3/3L3
						| NEW U1x4.z
						*---------- ----  ---   --    -
84:00.03[04]	,	stk	3/3L3
85:80.03[84]0x3	w	def.b	4/4L3
						| NEW U1x4.w
						*---------- ----  ---   --    -
85:00.04[05]	;	newrow	4/4L3
						| STR U1x4( mom: U1x4 -> main
						| STR U1x4( Mom: U1x4( -> U1x4
						| STR U1x4( def: NULL -> U1
						*---------- ----  ---   --    -
86:00.54[55]0x0		U1	def.b	4/4L4
						| FND U1 def: U1 -> NULL
						*---------- ----  ---   --    -
87:85.00[86]0x4		X	def.b	5/5L4
						| NEW U1x4(.X
						*---------- ----  ---   --    -
87:00.03[04]		,	stk	5/5L4
88:85.01[87]0x5		Y	def.b	6/6L4
						| NEW U1x4(.Y
						*---------- ----  ---   --    -
88:00.03[04]		,	stk	6/6L4
89:85.02[88]0x6		Z	def.b	7/7L4
						| NEW U1x4(.Z
						*---------- ----  ---   --    -
89:00.03[04]		,	stk	7/7L4
90:85.03[89]0x7		W	def.b	8/8L4
						| NEW U1x4(.W
						*---------- ----  ---   --    -
						| STR W cal: U1x4( -> NULL
						| STR W def: NULL -> U1
						*---------- ----  ---   --    -
90:80.04[85]		U1x4.U1x4(	constr	8/8L4
						| FND U1x4( cal: NULL -> U1x4(
						*---------- ----  ---   --    -
90:80.00[81]0x0		x	def.b	8/8L4
						| FND x def: x -> NULL
						*---------- ----  ---   --    -
90:00.22[23]		=	mov	8/8L4
90:85.00[86]0x4		X	def.b	8/8L4
						| FND X def: X -> x
						*---------- ----  ---   --    -
90:00.04[05]		;	newrow	8/8L4
90:80.01[82]0x1		y	def.b	8/8L4
						| FND y def: y -> X
						*---------- ----  ---   --    -
90:00.22[23]		=	mov	8/8L4
90:85.01[87]0x5		Y	def.b	8/8L4
						| FND Y def: Y -> y
						*---------- ----  ---   --    -
90:00.04[05]		;	newrow	8/8L4
90:80.02[83]0x2		z	def.b	8/8L4
						| FND z def: z -> Y
						*---------- ----  ---   --    -
90:00.22[23]		=	mov	8/8L4
90:85.02[88]0x6		Z	def.b	8/8L4
						| FND Z def: Z -> z
						*---------- ----  ---   --    -
90:00.04[05]		;	newrow	8/8L4
90:80.03[84]0x3		w	def.b	8/8L4
						| FND w def: w -> Z
						*---------- ----  ---   --    -
90:00.22[23]		=	mov	8/8L4
90:85.03[89]0x7		W	def.b	8/8L4
						| FND W def: W -> w
						*---------- ----  ---   --    -
90:00.04[05]		;	newrow	8/8L4
90:00.48[49]	}	end	4/8L3
						| opF } mom: main -> U1x4
						| opF } Mom: main -> U1x4(
						| opF } def: U1 -> W
						*---------- ----  ---   --    -
90:00.48[49]	}	end	4/8L3
90:00.04[05]	;	newrow	4/8L3
90:79.00[80]0x0	U1x4	def.l	4/8L3
						| FND U1x4 def: U1x4 -> U1
						*---------- ----  ---   --    -
						| STR xyzw( Mom: xyzw( -> main
						| STR xyzw( def: NULL -> U1x4
						*---------- ----  ---   --    -
92:00 R4u		0 	4/8L4
92:00.27[28]		+	add	4/8L4
92:00 R5u		3 	4/8L4
92:00.03[04]		,	stk	4/8L4
92:00 R6u		1 	4/8L4
92:00.27[28]		+	add	4/8L4
92:00 R7u		3 	4/8L4
92:00.03[04]		,	stk	4/8L4
92:00 R0u		2 	4/8L4
92:00.27[28]		+	add	4/8L4
92:00 R1u		3 	4/8L4
92:00.03[04]		,	stk	4/8L4
92:00 R2u		3 	4/8L4
92:00.27[28]		+	add	4/8L4
92:00 R3u		3 	4/8L4
						| STR false cal: xyzw( -> NULL
						*---------- ----  ---   --    -
92:79.02[91]0x0	xyzw	def.l	4/8L3
						| FND xyzw( cal: NULL -> xyzw(
						| FND xyzw( Mom: main -> xyzw(
						| FND xyzw( def: U1x4 -> NULL
						*---------- ----  ---   --    -
92:00.54[55]0x0	U1	def.b	4/8L3
						| FND U1 def: U1 -> U1x4
						*---------- ----  ---   --    -
93:79.03[92]0x4	a	def.b	5/9L3
						| NEW main.a
						*---------- ----  ---   --    -
93:00.22[23]	=	mov	5/9L3
93:00 R4u	10 	5/9L3
93:00.03[04]	,	stk	5/9L3
94:79.04[93]0x5	b	def.b	6/10L3
						| NEW main.b
						*---------- ----  ---   --    -
94:00.22[23]	=	mov	6/10L3
94:00 R5u	0 	6/10L3
94:00.03[04]	,	stk	6/10L3
						| STR a1D[ mom: U1 -> main
						| STR a1D[ Mom: a1D[ -> main
						| STR a1D[ def: NULL -> U1
						*---------- ----  ---   --    -
96:00 R6u		10 	6/10L4
96:79.05[94]0x6	a1D[	def.b	7/11L3
						| FND a1D[ mom: main -> U1
						| FND a1D[ Mom: main -> a1D[
						| FND a1D[ def: U1 -> NULL
						*---------- ----  ---   --    -
96:00.04[05]	;	newrow	7/11L3
96:79.02[91]0x0	xyzw	def.l	7/11L3
						| FND xyzw( def: xyzw( -> U1
						*---------- ----  ---   --    -
96:00.40[41]	.	dot	7/11L3
						| opF . dot: xyzw(.NULL
						| opF . Mom: xyzw( -> main
						*---------- ----  ---   --    -
96:80.03[84]0x3	w	def.b	7/11L3
						| FND w dot: xyzw(.U1x4
						| FND w def: w -> xyzw(
						*---------- ----  ---   --    -
96:00.22[23]	=	mov	7/11L3
96:00 R7u	1 	7/11L3
96:00.04[05]	;	newrow	7/11L3
						| STR for( mom: xyzw( -> main
						| STR for( dot: NULL.w
						| STR for( def: NULL -> w
						*---------- ----  ---   --    -
96:00.56[57]0x0		U4	def.l	7/11L4
						| FND U4 def: U4 -> NULL
						*---------- ----  ---   --    -
97:91.00[96]0x7		i	def.l	11/11L4
						| NEW xyzw(.i
						*---------- ----  ---   --    -
97:00.22[23]		=	mov	11/11L4
97:00 R0u		0 	11/11L4
97:00.04[05]		;	newrow	11/11L4
97:91.00[96]0x7		i	def.l	11/11L4
						| FND i def: i -> U4
						*---------- ----  ---   --    -
97:00.33[34]		<	ltlg	11/11L4
97:00 R1u		10 	11/11L4
97:00.04[05]		;	newrow	11/11L4
97:91.00[96]0x7		i	def.l	11/11L4
97:00.28[29]		++	inc	11/11L4
						| STR ++ cal: for( -> NULL
						| STR ++ def: NULL -> i
						*---------- ----  ---   --    -
97:00.66[67]		!.for(	cycle	11/11L4
						| FND for( cal: NULL -> for(
						*---------- ----  ---   --    -
97:79.03[92]0x4		a	def.b	11/11L4
						| FND a def: a -> NULL
						*---------- ----  ---   --    -
97:00.29[30]		+=	addm	11/11L4
97:00.28[29]		++	inc	11/11L4
97:79.04[93]0x5		b	def.b	11/11L4
						| FND b def: b -> a
						*---------- ----  ---   --    -
97:00.11[12]		*	mul	11/11L4
97:00 R2u		10 	11/11L4
97:00.27[28]		+	add	11/11L4
97:91.00[96]0x7		i	def.l	11/11L4
						| FND i def: i -> b
						*---------- ----  ---   --    -
97:00.04[05]		;	newrow	11/11L4
97:79.05[94]0x6		a1D[	def.b	11/11L4
						| FND a1D[ def: a1D[ -> i
						*---------- ----  ---   --    -
97:91.00[96]0x7		i	def.l	11/11L4
						| FND i def: i -> a1D[
						*---------- ----  ---   --    -
97:00.18[19]		%	rem	11/11L4
						| STR sizeof( def: NULL -> i
						*---------- ----  ---   --    -
97:79.05[94]0x6			a1D[	def.b	11/11L5
						| FND a1D[ def: a1D[ -> NULL
						*---------- ----  ---   --    -
						| STR a1D[ cal: sizeof( -> NULL
						| STR a1D[ def: NULL -> a1D[
						*---------- ----  ---   --    -
97:00.64[65]			!.sizeof(	func	11/11L5
						| FND sizeof( cal: NULL -> sizeof(
						*---------- ----  ---   --    -
97:00.22[23]			=	mov	11/11L5
97:79.03[92]0x4			a	def.b	11/11L5
						| FND a def: a -> NULL
						*---------- ----  ---   --    -
97:00.04[05]			;	newrow	11/11L5
97:00.48[49]		}	end	11/11L4
						| opF } def: i -> a
						*---------- ----  ---   --    -

alDAT:0BLD/VER:01
