HD: 1,0,0,0, V:1 H:0 C:0 
bSW:0x00000000
nTG:1 #main
OFF:0xfffffdff
bSW:0x00000084.[ENTER]

ComPI: 0, 1, 0, 0,  V:1 H:1 B:0 
bSW:0x00000084.

lv fn[iP:mm]nD				// iD/alD
00 21[00:00]00b class			//0/0 - 
01 29[29:00]00b U1x4			//0/0 - 
02 02[00:29]00b 	U1			//0/0 - 
02 30[30:29]01b 	x			//1/1 - stuff
02 31[31:29]01b 	y			//2/2 - stuff
02 32[32:29]01b 	z			//3/3 - stuff
02 33[33:29]01b 	w			//4/4 - stuff
02 34[34:29]00b 	U1x4(		//4/4 - c{constr()}
03 02[00:34]00b 		U1		//4/4 - 
03 35[35:34]01b 		X		//5/5 - f(para)
03 36[36:34]01b 		Y		//6/6 - f(para)
03 37[37:34]01b 		Z		//7/7 - f(para)
03 38[38:34]01b 		W		//8/8 - f(para)
02 U1x4([34]) U1[35]X,U1[36]Y,U1[37]Z,U1[38]W,
04 30[00:34]00b 			x	//8/8 - 
02 35[30:29]01b 			 x = X
02 35[30:29]01b 			 x = X
04 31[00:34]00b 			y	//8/8 - 
02 36[31:29]01b 			 y = Y
02 36[31:29]01b 			 y = Y
04 32[00:34]00b 			z	//8/8 - 
02 37[32:29]01b 			 z = Z
02 37[32:29]01b 			 z = Z
04 33[00:34]00b 			w	//8/8 - 
02 38[33:29]01b 			 w = W
02 38[33:29]01b 			 w = W
02 U1x4([34]} U1[35]X,U1[36]Y,U1[37]Z,U1[38]W,
01 U1x4[29]} U1[30]x,U1[31]y,U1[32]z,U1[33]w,U1x4[34]U1x4(,
01 29[00:00]00b U1x4			//0/8 - 
01 39[39:00]04b xyzw(			//4/8 - 
01 39[00:00]00b 	 U1x4 = 0
01 39[00:00]00b 	 U1x4 = 1
01 39[00:00]00b 	 U1x4 = 2
01 39[00:00]00b 	 U1x4 = 3
01 U1x4[29]i U1[30]x,U1[31]y,U1[32]z,U1[33]w,U1x4[34]U1x4(,
02 02[00:39]00b 	U1			//4/8 - 
02 40[40:39]01b 	a			//5/8 - 
02 40[40:39]01b 	 a = 10
02 41[41:39]01b 	b			//6/8 - 
02 41[41:39]01b 	 b = 0
02 42[42:39]01b 	a1D[		//7/8 - 
02 42[00:39]00b 		 U1 = 10
02 04[00:14]00b 	U4			//4/8 - 
02 43[43:14]04b 	i			//8/8 - 
02 43[43:14]04b 	 i = 0
02 43[00:14]00b 	i			//8/8 - 
02 43[43:14]04b 	 i < 10
02 43[00:14]00b 	i			//8/8 - 
02 43[43:14]04b 	 i + i
00 for[14]) U4[43]i,
03 44[44:14]04b 		a		//12/12 - 
03 45[45:14]04b 		b		//16/16 - 
02 45[43:14]04b 		 i =+* 10
02 43[43:14]04b 		 i + i
02 43[43:14]04b 		 i + i
03 46[46:14]04b 		a1D[	//20/20 - 
04 43[00:46]00b 			i	//20/20 - 
05 47[47:12]04b 				a1D//24/24 - 
00 44[12:00]04b 			 sizeof = a
00 44[12:00]04b 			 sizeof = a
03 a1D[[46]} i[47]a1D,
alDAT:24BLD/VER:01
