c:\users\dezső\desktop\pimasspub-master\desktop\pimass\pimasscmplr\x64\debug\vc142.pdb
c:\users\dezső\desktop\pimasspub-master\desktop\pimass\pimasscmplr\x64\debug\vc142.idb
c:\users\dezső\desktop\pimasspub-master\desktop\pimass\pimasscmplr\x64\debug\gpcalu.obj
c:\users\dezső\desktop\pimasspub-master\desktop\pimass\pimasscmplr\x64\debug\gpcsrcrun.obj
c:\users\dezső\desktop\pimasspub-master\desktop\pimass\pimasscmplr\x64\debug\gpcsrcprnt.obj
c:\users\dezső\desktop\pimasspub-master\desktop\pimass\pimasscmplr\x64\debug\gpcsrclnk.obj
c:\users\dezső\desktop\pimasspub-master\desktop\pimass\pimasscmplr\x64\debug\gpcsrcdbg.obj
c:\users\dezső\desktop\pimasspub-master\desktop\pimass\pimasscmplr\x64\debug\gpcsrcbreak.obj
c:\users\dezső\desktop\pimasspub-master\desktop\pimass\pimasscmplr\x64\debug\gpcsrc.obj
c:\users\dezső\desktop\pimasspub-master\desktop\pimass\pimasscmplr\x64\debug\gpcslmpdcr.obj
c:\users\dezső\desktop\pimasspub-master\desktop\pimass\pimasscmplr\x64\debug\gpcopcd.obj
c:\users\dezső\desktop\pimasspub-master\desktop\pimass\pimasscmplr\x64\debug\gpclazy.obj
c:\users\dezső\desktop\pimasspub-master\desktop\pimass\pimasscmplr\x64\debug\gpci8x2.obj
c:\users\dezső\desktop\pimasspub-master\desktop\pimass\pimasscmplr\x64\debug\gpci4x4.obj
c:\users\dezső\desktop\pimasspub-master\desktop\pimass\pimasscmplr\x64\debug\gpci4x2.obj
c:\users\dezső\desktop\pimasspub-master\desktop\pimass\pimasscmplr\x64\debug\gpcgtslmpzs.obj
c:\users\dezső\desktop\pimasspub-master\desktop\pimass\pimasscmplr\x64\debug\gpcgtslmp.obj
c:\users\dezső\desktop\pimasspub-master\desktop\pimass\pimasscmplr\x64\debug\gpcgl.obj
c:\users\dezső\desktop\pimasspub-master\desktop\pimass\pimasscmplr\x64\debug\gpcf4.obj
c:\users\dezső\desktop\pimasspub-master\desktop\pimass\pimasscmplr\x64\debug\gpcdrcos.obj
c:\users\dezső\desktop\pimasspub-master\desktop\pimass\pimasscmplr\x64\debug\gpccrsbreak.obj
c:\users\dezső\desktop\pimasspub-master\desktop\pimass\pimasscmplr\x64\debug\gpmassbuild.obj
c:\users\dezső\desktop\pimasspub-master\desktop\pimass\pimasscmplr\x64\debug\gpcore.obj
c:\users\dezső\desktop\pimasspub-master\desktop\pimass\pimasscmplr\x64\debug\gpcwin.obj
c:\users\dezső\desktop\pimasspub-master\desktop\pimass\pimasscmplr\x64\debug\gpccrs_rdy.obj
c:\users\dezső\desktop\pimasspub-master\desktop\pimass\pimasscmplr\x64\debug\gpccrs.obj
c:\users\dezső\desktop\pimasspub-master\desktop\pimass\pimasscmplr\x64\debug\gpcproto.obj
c:\users\dezső\desktop\pimasspub-master\desktop\pimass\pimasscmplr\x64\debug\gpcnd.obj
c:\users\dezső\desktop\pimasspub-master\desktop\pimass\pimasscmplr\x64\debug\pimass_main.obj
c:\users\dezső\desktop\pimasspub-master\desktop\pimass\pimasscmplr\x64\debug\gpcwin_var.obj
c:\users\dezső\desktop\pimasspub-master\desktop\pimass\pimasscmplr\x64\debug\gpcresflt.obj
c:\users\dezső\desktop\pimasspub-master\desktop\pimass\pimasscmplr\x64\debug\gpcres_run.obj
c:\users\dezső\desktop\pimasspub-master\desktop\pimass\pimasscmplr\x64\debug\gpcres_compi.obj
c:\users\dezső\desktop\pimasspub-master\desktop\pimass\pimasscmplr\x64\debug\gpcres2mini.obj
c:\users\dezső\desktop\pimasspub-master\desktop\pimass\pimasscmplr\x64\debug\gpcres.obj
c:\users\dezső\desktop\pimasspub-master\desktop\pimass\pimasscmplr\x64\debug\gpcpic.obj
c:\users\dezső\desktop\pimasspub-master\desktop\pimass\pimasscmplr\x64\debug\gpcgtos.obj
c:\users\dezső\desktop\pimasspub-master\desktop\pimass\pimasscmplr\x64\debug\gpcgt.obj
c:\users\dezső\desktop\pimasspub-master\desktop\pimass\pimasscmplr\x64\debug\gpc_mitsub.obj
c:\users\dezső\desktop\pimasspub-master\desktop\pimass\pimasscmplr\x64\debug\gpcu44.obj
c:\users\dezső\desktop\pimasspub-master\desktop\pimass\pimasscmplr\x64\debug\gpcu14.obj
c:\users\dezső\desktop\pimasspub-master\desktop\pimass\pimasscmplr\x64\debug\gpctool.obj
c:\users\dezső\desktop\pimasspub-master\desktop\pimass\pimasscmplr\x64\debug\pimass.pdb
c:\users\dezső\desktop\pimasspub-master\desktop\pimass\pimasscmplr\x64\debug\pimass.tlog\cl.command.1.tlog
c:\users\dezső\desktop\pimasspub-master\desktop\pimass\pimasscmplr\x64\debug\pimass.tlog\cl.read.1.tlog
c:\users\dezső\desktop\pimasspub-master\desktop\pimass\pimasscmplr\x64\debug\pimass.tlog\cl.write.1.tlog
c:\users\dezső\desktop\pimasspub-master\desktop\pimass\pimasscmplr\x64\debug\pimass.tlog\link-cvtres.read.1.tlog
c:\users\dezső\desktop\pimasspub-master\desktop\pimass\pimasscmplr\x64\debug\pimass.tlog\link-cvtres.write.1.tlog
c:\users\dezső\desktop\pimasspub-master\desktop\pimass\pimasscmplr\x64\debug\pimass.tlog\link-rc.read.1.tlog
c:\users\dezső\desktop\pimasspub-master\desktop\pimass\pimasscmplr\x64\debug\pimass.tlog\link-rc.write.1.tlog
c:\users\dezső\desktop\pimasspub-master\desktop\pimass\pimasscmplr\x64\debug\pimass.tlog\link.command.1.tlog
c:\users\dezső\desktop\pimasspub-master\desktop\pimass\pimasscmplr\x64\debug\pimass.tlog\link.read.1.tlog
c:\users\dezső\desktop\pimasspub-master\desktop\pimass\pimasscmplr\x64\debug\pimass.tlog\link.write.1.tlog
